<?xml version="1.0" encoding="UTF-8"?>
<coverage generated="1730140532515" clover="3.2.0">
  <project timestamp="1730140532515" name="All files">
    <metrics statements="17" coveredstatements="17" conditionals="18" coveredconditionals="17" methods="3" coveredmethods="3" elements="38" coveredelements="37" complexity="0" loc="17" ncloc="17" packages="1" files="2" classes="2"/>
    <file name="calculateTotal.js" path="C:\Users\artyo\GitHub\JS\JEST\src\js\calculateTotal.js">
      <metrics statements="9" coveredstatements="9" conditionals="10" coveredconditionals="10" methods="2" coveredmethods="2"/>
      <line num="2" count="4" type="stmt"/>
      <line num="3" count="7" type="stmt"/>
      <line num="6" count="4" type="stmt"/>
      <line num="8" count="4" type="cond" truecount="4" falsecount="0"/>
      <line num="9" count="1" type="stmt"/>
      <line num="10" count="3" type="cond" truecount="4" falsecount="0"/>
      <line num="11" count="2" type="stmt"/>
      <line num="14" count="4" type="stmt"/>
      <line num="15" count="4" type="cond" truecount="2" falsecount="0"/>
    </file>
    <file name="getDiscount.js" path="C:\Users\artyo\GitHub\JS\JEST\src\js\getDiscount.js">
      <metrics statements="8" coveredstatements="8" conditionals="8" coveredconditionals="7" methods="1" coveredmethods="1"/>
      <line num="3" count="4" type="cond" truecount="2" falsecount="0"/>
      <line num="4" count="1" type="stmt"/>
      <line num="7" count="3" type="stmt"/>
      <line num="9" count="3" type="cond" truecount="2" falsecount="0"/>
      <line num="10" count="1" type="stmt"/>
      <line num="11" count="2" type="cond" truecount="1" falsecount="1"/>
      <line num="12" count="2" type="stmt"/>
      <line num="15" count="3" type="cond" truecount="2" falsecount="0"/>
    </file>
  </project>
</coverage>
