{"C:\\Users\\artyo\\GitHub\\JS\\JEST\\src\\js\\calculateTotal.js": {"path":"C:\\Users\\artyo\\GitHub\\JS\\JEST\\src\\js\\calculateTotal.js","statementMap":{"0":{"start":{"line":2,"column":16},"end":{"line":5,"column":5}},"1":{"start":{"line":3,"column":23},"end":{"line":3,"column":55}},"2":{"start":{"line":6,"column":19},"end":{"line":6,"column":20}},"3":{"start":{"line":8,"column":4},"end":{"line":12,"column":5}},"4":{"start":{"line":9,"column":8},"end":{"line":9,"column":46}},"5":{"start":{"line":10,"column":11},"end":{"line":12,"column":5}},"6":{"start":{"line":11,"column":8},"end":{"line":11,"column":32}},"7":{"start":{"line":14,"column":18},"end":{"line":14,"column":32}},"8":{"start":{"line":15,"column":4},"end":{"line":15,"column":34}}},"fnMap":{"0":{"name":"calculateTotal","decl":{"start":{"line":1,"column":24},"end":{"line":1,"column":38}},"loc":{"start":{"line":1,"column":54},"end":{"line":16,"column":1}},"line":1},"1":{"name":"(anonymous_1)","decl":{"start":{"line":3,"column":8},"end":{"line":3,"column":9}},"loc":{"start":{"line":3,"column":23},"end":{"line":3,"column":55}},"line":3}},"branchMap":{"0":{"loc":{"start":{"line":8,"column":4},"end":{"line":12,"column":5}},"type":"if","locations":[{"start":{"line":8,"column":4},"end":{"line":12,"column":5}},{"start":{"line":10,"column":11},"end":{"line":12,"column":5}}],"line":8},"1":{"loc":{"start":{"line":8,"column":8},"end":{"line":8,"column":46}},"type":"binary-expr","locations":[{"start":{"line":8,"column":8},"end":{"line":8,"column":14}},{"start":{"line":8,"column":18},"end":{"line":8,"column":46}}],"line":8},"2":{"loc":{"start":{"line":10,"column":11},"end":{"line":12,"column":5}},"type":"if","locations":[{"start":{"line":10,"column":11},"end":{"line":12,"column":5}},{"start":{},"end":{}}],"line":10},"3":{"loc":{"start":{"line":10,"column":15},"end":{"line":10,"column":48}},"type":"binary-expr","locations":[{"start":{"line":10,"column":15},"end":{"line":10,"column":21}},{"start":{"line":10,"column":25},"end":{"line":10,"column":48}}],"line":10},"4":{"loc":{"start":{"line":15,"column":11},"end":{"line":15,"column":33}},"type":"cond-expr","locations":[{"start":{"line":15,"column":24},"end":{"line":15,"column":29}},{"start":{"line":15,"column":32},"end":{"line":15,"column":33}}],"line":15}},"s":{"0":4,"1":7,"2":4,"3":4,"4":1,"5":3,"6":2,"7":4,"8":4},"f":{"0":4,"1":7},"b":{"0":[1,3],"1":[4,3],"2":[2,1],"3":[3,2],"4":[3,1]},"_coverageSchema":"1a1c01bbd47fc00a2c39e90264f33305004495a9","hash":"71501df5f56baab9059ff122d0cb24e007317028"}
,"C:\\Users\\artyo\\GitHub\\JS\\JEST\\src\\js\\getDiscount.js": {"path":"C:\\Users\\artyo\\GitHub\\JS\\JEST\\src\\js\\getDiscount.js","statementMap":{"0":{"start":{"line":3,"column":4},"end":{"line":5,"column":5}},"1":{"start":{"line":4,"column":8},"end":{"line":4,"column":17}},"2":{"start":{"line":7,"column":19},"end":{"line":7,"column":20}},"3":{"start":{"line":9,"column":4},"end":{"line":13,"column":5}},"4":{"start":{"line":10,"column":8},"end":{"line":10,"column":49}},"5":{"start":{"line":11,"column":11},"end":{"line":13,"column":5}},"6":{"start":{"line":12,"column":8},"end":{"line":12,"column":32}},"7":{"start":{"line":15,"column":4},"end":{"line":15,"column":50}}},"fnMap":{"0":{"name":"getDiscount","decl":{"start":{"line":2,"column":9},"end":{"line":2,"column":20}},"loc":{"start":{"line":2,"column":42},"end":{"line":16,"column":1}},"line":2}},"branchMap":{"0":{"loc":{"start":{"line":3,"column":4},"end":{"line":5,"column":5}},"type":"if","locations":[{"start":{"line":3,"column":4},"end":{"line":5,"column":5}},{"start":{},"end":{}}],"line":3},"1":{"loc":{"start":{"line":9,"column":4},"end":{"line":13,"column":5}},"type":"if","locations":[{"start":{"line":9,"column":4},"end":{"line":13,"column":5}},{"start":{"line":11,"column":11},"end":{"line":13,"column":5}}],"line":9},"2":{"loc":{"start":{"line":11,"column":11},"end":{"line":13,"column":5}},"type":"if","locations":[{"start":{"line":11,"column":11},"end":{"line":13,"column":5}},{"start":{},"end":{}}],"line":11},"3":{"loc":{"start":{"line":15,"column":11},"end":{"line":15,"column":49}},"type":"cond-expr","locations":[{"start":{"line":15,"column":32},"end":{"line":15,"column":38}},{"start":{"line":15,"column":41},"end":{"line":15,"column":49}}],"line":15}},"s":{"0":4,"1":1,"2":3,"3":3,"4":1,"5":2,"6":2,"7":3},"f":{"0":4},"b":{"0":[1,3],"1":[1,2],"2":[2,0],"3":[1,2]},"_coverageSchema":"1a1c01bbd47fc00a2c39e90264f33305004495a9","hash":"271b4bb322e0b047b047ee1cfff395aa84048962"}
}
