TN:
SF:src\js\calculateTotal.js
FN:1,calculateTotal
FN:3,(anonymous_1)
FNF:2
FNH:2
FNDA:4,calculateTotal
FNDA:7,(anonymous_1)
DA:2,4
DA:3,7
DA:6,4
DA:8,4
DA:9,1
DA:10,3
DA:11,2
DA:14,4
DA:15,4
LF:9
LH:9
BRDA:8,0,0,1
BRDA:8,0,1,3
BRDA:8,1,0,4
BRDA:8,1,1,3
BRDA:10,2,0,2
BRDA:10,2,1,1
BRDA:10,3,0,3
BRDA:10,3,1,2
BRDA:15,4,0,3
BRDA:15,4,1,1
BRF:10
BRH:10
end_of_record
TN:
SF:src\js\getDiscount.js
FN:2,getDiscount
FNF:1
FNH:1
FNDA:4,getDiscount
DA:3,4
DA:4,1
DA:7,3
DA:9,3
DA:10,1
DA:11,2
DA:12,2
DA:15,3
LF:8
LH:8
BRDA:3,0,0,1
BRDA:3,0,1,3
BRDA:9,1,0,1
BRDA:9,1,1,2
BRDA:11,2,0,2
BRDA:11,2,1,0
BRDA:15,3,0,1
BRDA:15,3,1,2
BRF:8
BRH:7
end_of_record
